

> @gameshield/game-core@1.0.0 prebuild /Users/johnjeong/dev/Projects/gameshield/packages/game-core
> npm run clean


> @gameshield/game-core@1.0.0 clean
> rm -rf dist

[1G[0K[1G[0K⠙[1G[0K
> @gameshield/game-core@1.0.0 build /Users/johnjeong/dev/Projects/gameshield/packages/game-core
> tsc

[96mtests/game-engine.test.ts[0m:[93m21[0m:[93m7[0m - [91merror[0m[90m TS2353: [0mObject literal may only specify known properties, and 'type' does not exist in type 'GameOptions'.

[7m21[0m       type: GameType.PUZZLE,
[7m  [0m [91m      ~~~~[0m

[96mtests/game-engine.test.ts[0m:[93m21[0m:[93m13[0m - [91merror[0m[90m TS2693: [0m'GameType' only refers to a type, but is being used as a value here.

[7m21[0m       type: GameType.PUZZLE,
[7m  [0m [91m            ~~~~~~~~[0m

[96mtests/game-engine.test.ts[0m:[93m27[0m:[93m32[0m - [91merror[0m[90m TS2339: [0mProperty 'init' does not exist on type 'Game'.

[7m27[0m     expect(typeof gameInstance.init).toBe('function');
[7m  [0m [91m                               ~~~~[0m

[96mtests/game-engine.test.ts[0m:[93m29[0m:[93m32[0m - [91merror[0m[90m TS2339: [0mProperty 'stop' does not exist on type 'Game'.

[7m29[0m     expect(typeof gameInstance.stop).toBe('function');
[7m  [0m [91m                               ~~~~[0m

[96mtests/game-engine.test.ts[0m:[93m30[0m:[93m32[0m - [91merror[0m[90m TS2339: [0mProperty 'isCompleted' does not exist on type 'Game'.

[7m30[0m     expect(typeof gameInstance.isCompleted).toBe('function');
[7m  [0m [91m                               ~~~~~~~~~~~[0m

[96mtests/game-engine.test.ts[0m:[93m40[0m:[93m7[0m - [91merror[0m[90m TS2353: [0mObject literal may only specify known properties, and 'type' does not exist in type 'GameOptions'.

[7m40[0m       type: GameType.PATTERN,
[7m  [0m [91m      ~~~~[0m

[96mtests/game-engine.test.ts[0m:[93m40[0m:[93m13[0m - [91merror[0m[90m TS2693: [0m'GameType' only refers to a type, but is being used as a value here.

[7m40[0m       type: GameType.PATTERN,
[7m  [0m [91m            ~~~~~~~~[0m

[96mtests/game-engine.test.ts[0m:[93m52[0m:[93m18[0m - [91merror[0m[90m TS2341: [0mProperty 'emit' is private and only accessible within class 'Game'.

[7m52[0m     gameInstance.emit('complete');
[7m  [0m [91m                 ~~~~[0m

[96mtests/game-engine.test.ts[0m:[93m54[0m:[93m25[0m - [91merror[0m[90m TS2339: [0mProperty 'isCompleted' does not exist on type 'Game'.

[7m54[0m     expect(gameInstance.isCompleted()).toBe(true);
[7m  [0m [91m                        ~~~~~~~~~~~[0m

[96mtests/game-engine.test.ts[0m:[93m61[0m:[93m7[0m - [91merror[0m[90m TS2353: [0mObject literal may only specify known properties, and 'type' does not exist in type 'GameOptions'.

[7m61[0m       type: GameType.PUZZLE,
[7m  [0m [91m      ~~~~[0m

[96mtests/game-engine.test.ts[0m:[93m61[0m:[93m13[0m - [91merror[0m[90m TS2693: [0m'GameType' only refers to a type, but is being used as a value here.

[7m61[0m       type: GameType.PUZZLE,
[7m  [0m [91m            ~~~~~~~~[0m

[96mtests/game-engine.test.ts[0m:[93m63[0m:[93m23[0m - [91merror[0m[90m TS2339: [0mProperty 'getType' does not exist on type 'Game'.

[7m63[0m     expect(puzzleGame.getType()).toBe(GameType.PUZZLE);
[7m  [0m [91m                      ~~~~~~~[0m

[96mtests/game-engine.test.ts[0m:[93m63[0m:[93m39[0m - [91merror[0m[90m TS2693: [0m'GameType' only refers to a type, but is being used as a value here.

[7m63[0m     expect(puzzleGame.getType()).toBe(GameType.PUZZLE);
[7m  [0m [91m                                      ~~~~~~~~[0m

[96mtests/game-engine.test.ts[0m:[93m68[0m:[93m7[0m - [91merror[0m[90m TS2353: [0mObject literal may only specify known properties, and 'type' does not exist in type 'GameOptions'.

[7m68[0m       type: GameType.TIMING,
[7m  [0m [91m      ~~~~[0m

[96mtests/game-engine.test.ts[0m:[93m68[0m:[93m13[0m - [91merror[0m[90m TS2693: [0m'GameType' only refers to a type, but is being used as a value here.

[7m68[0m       type: GameType.TIMING,
[7m  [0m [91m            ~~~~~~~~[0m

[96mtests/game-engine.test.ts[0m:[93m70[0m:[93m23[0m - [91merror[0m[90m TS2339: [0mProperty 'getType' does not exist on type 'Game'.

[7m70[0m     expect(timingGame.getType()).toBe(GameType.TIMING);
[7m  [0m [91m                      ~~~~~~~[0m

[96mtests/game-engine.test.ts[0m:[93m70[0m:[93m39[0m - [91merror[0m[90m TS2693: [0m'GameType' only refers to a type, but is being used as a value here.

[7m70[0m     expect(timingGame.getType()).toBe(GameType.TIMING);
[7m  [0m [91m                                      ~~~~~~~~[0m

[96mtests/game-engine.test.ts[0m:[93m75[0m:[93m7[0m - [91merror[0m[90m TS2353: [0mObject literal may only specify known properties, and 'type' does not exist in type 'GameOptions'.

[7m75[0m       type: GameType.PHYSICS,
[7m  [0m [91m      ~~~~[0m

[96mtests/game-engine.test.ts[0m:[93m75[0m:[93m13[0m - [91merror[0m[90m TS2693: [0m'GameType' only refers to a type, but is being used as a value here.

[7m75[0m       type: GameType.PHYSICS,
[7m  [0m [91m            ~~~~~~~~[0m

[96mtests/game-engine.test.ts[0m:[93m77[0m:[93m24[0m - [91merror[0m[90m TS2339: [0mProperty 'getType' does not exist on type 'Game'.

[7m77[0m     expect(physicsGame.getType()).toBe(GameType.PHYSICS);
[7m  [0m [91m                       ~~~~~~~[0m

[96mtests/game-engine.test.ts[0m:[93m77[0m:[93m40[0m - [91merror[0m[90m TS2693: [0m'GameType' only refers to a type, but is being used as a value here.

[7m77[0m     expect(physicsGame.getType()).toBe(GameType.PHYSICS);
[7m  [0m [91m                                       ~~~~~~~~[0m

[96mtests/game-engine.test.ts[0m:[93m84[0m:[93m7[0m - [91merror[0m[90m TS2353: [0mObject literal may only specify known properties, and 'type' does not exist in type 'GameOptions'.

[7m84[0m       type: GameType.PUZZLE,
[7m  [0m [91m      ~~~~[0m

[96mtests/game-engine.test.ts[0m:[93m84[0m:[93m13[0m - [91merror[0m[90m TS2693: [0m'GameType' only refers to a type, but is being used as a value here.

[7m84[0m       type: GameType.PUZZLE,
[7m  [0m [91m            ~~~~~~~~[0m

[96mtests/game-engine.test.ts[0m:[93m87[0m:[93m21[0m - [91merror[0m[90m TS2339: [0mProperty 'getDifficulty' does not exist on type 'Game'.

[7m87[0m     expect(easyGame.getDifficulty()).toBe('easy');
[7m  [0m [91m                    ~~~~~~~~~~~~~[0m

[96mtests/game-engine.test.ts[0m:[93m92[0m:[93m7[0m - [91merror[0m[90m TS2353: [0mObject literal may only specify known properties, and 'type' does not exist in type 'GameOptions'.

[7m92[0m       type: GameType.PUZZLE,
[7m  [0m [91m      ~~~~[0m

[96mtests/game-engine.test.ts[0m:[93m92[0m:[93m13[0m - [91merror[0m[90m TS2693: [0m'GameType' only refers to a type, but is being used as a value here.

[7m92[0m       type: GameType.PUZZLE,
[7m  [0m [91m            ~~~~~~~~[0m

[96mtests/game-engine.test.ts[0m:[93m95[0m:[93m23[0m - [91merror[0m[90m TS2339: [0mProperty 'getDifficulty' does not exist on type 'Game'.

[7m95[0m     expect(mediumGame.getDifficulty()).toBe('medium');
[7m  [0m [91m                      ~~~~~~~~~~~~~[0m

[96mtests/game-engine.test.ts[0m:[93m100[0m:[93m7[0m - [91merror[0m[90m TS2353: [0mObject literal may only specify known properties, and 'type' does not exist in type 'GameOptions'.

[7m100[0m       type: GameType.PUZZLE,
[7m   [0m [91m      ~~~~[0m

[96mtests/game-engine.test.ts[0m:[93m100[0m:[93m13[0m - [91merror[0m[90m TS2693: [0m'GameType' only refers to a type, but is being used as a value here.

[7m100[0m       type: GameType.PUZZLE,
[7m   [0m [91m            ~~~~~~~~[0m

[96mtests/game-engine.test.ts[0m:[93m103[0m:[93m21[0m - [91merror[0m[90m TS2339: [0mProperty 'getDifficulty' does not exist on type 'Game'.

[7m103[0m     expect(hardGame.getDifficulty()).toBe('hard');
[7m   [0m [91m                    ~~~~~~~~~~~~~[0m

[96mtests/game-engine.test.ts[0m:[93m109[0m:[93m7[0m - [91merror[0m[90m TS2353: [0mObject literal may only specify known properties, and 'type' does not exist in type 'GameOptions'.

[7m109[0m       type: GameType.PATTERN,
[7m   [0m [91m      ~~~~[0m

[96mtests/game-engine.test.ts[0m:[93m109[0m:[93m13[0m - [91merror[0m[90m TS2693: [0m'GameType' only refers to a type, but is being used as a value here.

[7m109[0m       type: GameType.PATTERN,
[7m   [0m [91m            ~~~~~~~~[0m

[96mtests/game-engine.test.ts[0m:[93m117[0m:[93m18[0m - [91merror[0m[90m TS2339: [0mProperty 'stop' does not exist on type 'Game'.

[7m117[0m     gameInstance.stop();
[7m   [0m [91m                 ~~~~[0m


Found 33 errors in the same file, starting at: tests/game-engine.test.ts[90m:21[0m

[41m[30m ELIFECYCLE [39m[49m [31mCommand failed with exit code 2.[39m
