

> @gameshield/react@0.1.0 build /Users/johnjeong/dev/Projects/gameshield/packages/react
> tsup

[34mCLI[39m Building entry: src/index.ts
[34mCLI[39m Using tsconfig: tsconfig.json
[34mCLI[39m tsup v8.4.0
[34mCLI[39m Using tsup config: /Users/johnjeong/dev/Projects/gameshield/packages/react/tsup.config.ts
[34mCLI[39m Target: es2020
[34mCLI[39m Cleaning output folder
[34mCJS[39m Build start
[34mESM[39m Build start
[32mCJS[39m [1mdist/index.js     [22m[32m2.00 KB[39m
[32mCJS[39m [1mdist/index.js.map [22m[32m10.64 KB[39m
[32mCJS[39m ⚡️ Build success in 40ms
[32mESM[39m [1mdist/index.mjs     [22m[32m1.95 KB[39m
[32mESM[39m [1mdist/index.mjs.map [22m[32m10.64 KB[39m
[32mESM[39m ⚡️ Build success in 40ms
DTS Build start
DTS ⚡️ Build success in 515ms
DTS dist/index.d.ts  2.95 KB
DTS dist/index.d.mts 2.95 KB
