

> @gameshield/server@0.1.0 build /Users/johnjeong/dev/Projects/gameshield/packages/server
> tsup

[34mCLI[39m Building entry: src/index.ts
[34mCLI[39m Using tsconfig: tsconfig.json
[34mCLI[39m tsup v8.4.0
[34mCLI[39m Using tsup config: /Users/johnjeong/dev/Projects/gameshield/packages/server/tsup.config.ts
[34mCLI[39m Target: es2020
[34mCLI[39m Cleaning output folder
[34mCJS[39m Build start
[34mESM[39m Build start
[32mCJS[39m [1mdist/index.js     [22m[32m1.94 KB[39m
[32mCJS[39m [1mdist/index.js.map [22m[32m7.34 KB[39m
[32mCJS[39m ⚡️ Build success in 68ms
[32mESM[39m [1mdist/index.mjs     [22m[32m1.55 KB[39m
[32mESM[39m [1mdist/index.mjs.map [22m[32m7.34 KB[39m
[32mESM[39m ⚡️ Build success in 68ms
DTS Build start
DTS ⚡️ Build success in 663ms
DTS dist/index.d.ts  4.17 KB
DTS dist/index.d.mts 4.17 KB
